# JRE version: OpenJDK Runtime Environment (17.0.11) (build 17.0.11+0--11852314)
# Java VM: OpenJDK 64-Bit Server VM (17.0.11+0--11852314, mixed mode, tiered, compressed oops, compressed class ptrs, g1 gc, windows-amd64)
GC Precious Log:
 CPUs: 8 total, 8 available
 Memory: 7957M
 Large Page Support: Disabled
 NUMA Support: Disabled
 Compressed Oops: Enabled (32-bit)
 Heap Region Size: 1M
 Heap Min Capacity: 8M
 Heap Initial Capacity: 126M
 Heap Max Capacity: 2G
 Pre-touch: Disabled
 Parallel Workers: 8
 Concurrent Workers: 2
 Concurrent Refinement Workers: 8
 Periodic GC: Disabled
Heap:
 garbage-first heap   total 198656K, used 141645K [0x0000000080000000, 0x0000000100000000)
  region size 1024K, 5 young (5120K), 5 survivors (5120K)
 Metaspace       used 121193K, committed 121984K, reserved 1179648K
  class space    used 16566K, committed 16960K, reserved 1048576K
GC Heap History (20 events):
Event: 44.564 GC heap after
{Heap after GC invocations=45 (full 0):
 garbage-first heap   total 198656K, used 99378K [0x0000000080000000, 0x0000000100000000)
  region size 1024K, 4 young (4096K), 4 survivors (4096K)
 Metaspace       used 101362K, committed 102208K, reserved 1179648K
  class space    used 14137K, committed 14528K, reserved 1048576K
}
Event: 51.507 GC heap before
{Heap before GC invocations=45 (full 0):
 garbage-first heap   total 198656K, used 170034K [0x0000000080000000, 0x0000000100000000)
  region size 1024K, 69 young (70656K), 4 survivors (4096K)
 Metaspace       used 105810K, committed 106560K, reserved 1179648K
  class space    used 14591K, committed 14912K, reserved 1048576K
}
Event: 51.571 GC heap after
{Heap after GC invocations=46 (full 0):
 garbage-first heap   total 198656K, used 103159K [0x0000000080000000, 0x0000000100000000)
  region size 1024K, 8 young (8192K), 8 survivors (8192K)
 Metaspace       used 105810K, committed 106560K, reserved 1179648K
  class space    used 14591K, committed 14912K, reserved 1048576K
}
Event: 60.249 GC heap before
{Heap before GC invocations=46 (full 0):
 garbage-first heap   total 198656K, used 163575K [0x0000000080000000, 0x0000000100000000)
  region size 1024K, 68 young (69632K), 8 survivors (8192K)
 Metaspace       used 112524K, committed 113344K, reserved 1179648K
  class space    used 15405K, committed 15808K, reserved 1048576K
}
Event: 60.346 GC heap after
{Heap after GC invocations=47 (full 0):
 garbage-first heap   total 198656K, used 106635K [0x0000000080000000, 0x0000000100000000)
  region size 1024K, 8 young (8192K), 8 survivors (8192K)
 Metaspace       used 112524K, committed 113344K, reserved 1179648K
  class space    used 15405K, committed 15808K, reserved 1048576K
}
Event: 72.563 GC heap before
{Heap before GC invocations=47 (full 0):
 garbage-first heap   total 198656K, used 165003K [0x0000000080000000, 0x0000000100000000)
  region size 1024K, 66 young (67584K), 8 survivors (8192K)
 Metaspace       used 113123K, committed 113920K, reserved 1179648K
  class space    used 15418K, committed 15808K, reserved 1048576K
}
Event: 72.636 GC heap after
{Heap after GC invocations=48 (full 0):
 garbage-first heap   total 198656K, used 107309K [0x0000000080000000, 0x0000000100000000)
  region size 1024K, 4 young (4096K), 4 survivors (4096K)
 Metaspace       used 113123K, committed 113920K, reserved 1179648K
  class space    used 15418K, committed 15808K, reserved 1048576K
}
Event: 93.276 GC heap before
{Heap before GC invocations=48 (full 0):
 garbage-first heap   total 198656K, used 140077K [0x0000000080000000, 0x0000000100000000)
  region size 1024K, 38 young (38912K), 4 survivors (4096K)
 Metaspace       used 113456K, committed 114240K, reserved 1179648K
  class space    used 15451K, committed 15872K, reserved 1048576K
}
Event: 93.462 GC heap after
{Heap after GC invocations=49 (full 0):
 garbage-first heap   total 198656K, used 108454K [0x0000000080000000, 0x0000000100000000)
  region size 1024K, 6 young (6144K), 6 survivors (6144K)
 Metaspace       used 113456K, committed 114240K, reserved 1179648K
  class space    used 15451K, committed 15872K, reserved 1048576K
}
Event: 97.711 GC heap before
{Heap before GC invocations=50 (full 0):
 garbage-first heap   total 198656K, used 165798K [0x0000000080000000, 0x0000000100000000)
  region size 1024K, 63 young (64512K), 6 survivors (6144K)
 Metaspace       used 115350K, committed 116160K, reserved 1179648K
  class space    used 15719K, committed 16128K, reserved 1048576K
}
Event: 97.759 GC heap after
{Heap after GC invocations=51 (full 0):
 garbage-first heap   total 198656K, used 115344K [0x0000000080000000, 0x0000000100000000)
  region size 1024K, 8 young (8192K), 8 survivors (8192K)
 Metaspace       used 115350K, committed 116160K, reserved 1179648K
  class space    used 15719K, committed 16128K, reserved 1048576K
}
Event: 97.773 GC heap before
{Heap before GC invocations=51 (full 0):
 garbage-first heap   total 198656K, used 115344K [0x0000000080000000, 0x0000000100000000)
  region size 1024K, 9 young (9216K), 8 survivors (8192K)
 Metaspace       used 115369K, committed 116160K, reserved 1179648K
  class space    used 15724K, committed 16128K, reserved 1048576K
}
Event: 97.804 GC heap after
{Heap after GC invocations=52 (full 0):
 garbage-first heap   total 198656K, used 116465K [0x0000000080000000, 0x0000000100000000)
  region size 1024K, 2 young (2048K), 2 survivors (2048K)
 Metaspace       used 115369K, committed 116160K, reserved 1179648K
  class space    used 15724K, committed 16128K, reserved 1048576K
}
Event: 99.372 GC heap before
{Heap before GC invocations=52 (full 0):
 garbage-first heap   total 198656K, used 163569K [0x0000000080000000, 0x0000000100000000)
  region size 1024K, 49 young (50176K), 2 survivors (2048K)
 Metaspace       used 118436K, committed 119232K, reserved 1179648K
  class space    used 16164K, committed 16576K, reserved 1048576K
}
Event: 99.384 GC heap after
{Heap after GC invocations=53 (full 0):
 garbage-first heap   total 198656K, used 121644K [0x0000000080000000, 0x0000000100000000)
  region size 1024K, 7 young (7168K), 7 survivors (7168K)
 Metaspace       used 118436K, committed 119232K, reserved 1179648K
  class space    used 16164K, committed 16576K, reserved 1048576K
}
Event: 99.690 GC heap before
{Heap before GC invocations=53 (full 0):
 garbage-first heap   total 198656K, used 164652K [0x0000000080000000, 0x0000000100000000)
  region size 1024K, 49 young (50176K), 7 survivors (7168K)
 Metaspace       used 119170K, committed 120000K, reserved 1179648K
  class space    used 16272K, committed 16704K, reserved 1048576K
}
Event: 99.729 GC heap after
{Heap after GC invocations=54 (full 0):
 garbage-first heap   total 198656K, used 130414K [0x0000000080000000, 0x0000000100000000)
  region size 1024K, 7 young (7168K), 7 survivors (7168K)
 Metaspace       used 119170K, committed 120000K, reserved 1179648K
  class space    used 16272K, committed 16704K, reserved 1048576K
}
Event: 100.277 GC heap before
{Heap before GC invocations=54 (full 0):
 garbage-first heap   total 198656K, used 163182K [0x0000000080000000, 0x0000000100000000)
  region size 1024K, 40 young (40960K), 7 survivors (7168K)
 Metaspace       used 120813K, committed 121664K, reserved 1179648K
  class space    used 16528K, committed 16960K, reserved 1048576K
}
Event: 100.298 GC heap after
{Heap after GC invocations=55 (full 0):
 garbage-first heap   total 198656K, used 136120K [0x0000000080000000, 0x0000000100000000)
  region size 1024K, 5 young (5120K), 5 survivors (5120K)
 Metaspace       used 120813K, committed 121664K, reserved 1179648K
  class space    used 16528K, committed 16960K, reserved 1048576K
}
Event: 100.419 GC heap before
{Heap before GC invocations=55 (full 0):
 garbage-first heap   total 198656K, used 165816K [0x0000000080000000, 0x0000000100000000)
  region size 1024K, 34 young (34816K), 5 survivors (5120K)
 Metaspace       used 121193K, committed 121984K, reserved 1179648K
  class space    used 16566K, committed 16960K, reserved 1048576K
}

